<?xml version="1.0" encoding="UTF-8"?>
<!-- Generated by org.testng.reporters.JUnitReportReporter -->
<testsuite skipped="3" hostname="DESKTOP-9715G1F" name="pac1.New1Test" tests="4" failures="0" timestamp="2021-10-04T10:14:46 IST" time="11.299" errors="0">
  <testcase name="f2Test" time="11.299" classname="pac1.New1Test"/>
  <system-out/>
  <testcase name="f3Test" classname="pac1.New1Test">
    <skipped/>
  </testcase> <!-- f3Test -->
  <system-out/>
  <testcase name="f1Test" classname="pac1.New1Test">
    <skipped/>
  </testcase> <!-- f1Test -->
  <system-out/>
  <testcase name="fTest" classname="pac1.New1Test">
    <skipped/>
  </testcase> <!-- fTest -->
  <system-out/>
</testsuite> <!-- pac1.New1Test -->
