<?xml version="1.0" encoding="UTF-8"?>
<!-- Generated by org.testng.reporters.JUnitReportReporter -->
<testsuite skipped="0" hostname="DESKTOP-9715G1F" name="pac1.VeryStartingpracticeTest" tests="2" failures="0" timestamp="2021-10-28T11:04:33 IST" time="15.968" errors="0">
  <testcase name="f1Test" time="6.967" classname="pac1.VeryStartingpracticeTest"/>
  <system-out/>
  <testcase name="fTest" time="9.001" classname="pac1.VeryStartingpracticeTest"/>
  <system-out/>
</testsuite> <!-- pac1.VeryStartingpracticeTest -->
